[2026/01/20 16:31:45.618047] [INFO] main.go:218: Server starting on :8080
[2026/01/20 16:31:48.496087] [INFO] main.go:107: localhost:8080 GET /authos/system-login 404
[2026/01/20 16:31:49.295085] [INFO] main.go:107: localhost:8080 GET /authos/system-login 404
[2026/01/20 16:32:07.507592] [INFO] main.go:107: localhost:8080 GET /authos/ 304
[2026/01/20 16:32:07.530955] [INFO] main.go:107: localhost:8080 GET /authos/assets/index-cqsNC2VY.js 304
[2026/01/20 16:32:07.567509] [INFO] main.go:107: localhost:8080 GET /authos/assets/SystemLogin-DTWVFpqb.js 304
[2026/01/20 16:32:07.568144] [INFO] main.go:107: localhost:8080 GET /authos/assets/index-C99W1-_y.js 304
[2026/01/20 16:32:07.568649] [INFO] main.go:107: localhost:8080 GET /authos/assets/_plugin-vue_export-helper-DlAUqK2U.js 304
[2026/01/20 16:32:07.568649] [INFO] main.go:107: localhost:8080 GET /authos/assets/ShieldCheckmark-BM8XziVz.js 304
[2026/01/20 16:32:07.568649] [INFO] main.go:107: localhost:8080 GET /authos/assets/Person-rSDxPfvD.js 304
[2026/01/20 16:32:07.568649] [INFO] main.go:107: localhost:8080 GET /authos/assets/LockClosed-D1feIw8_.js 304
[2026/01/20 16:32:07.569184] [INFO] main.go:107: localhost:8080 GET /authos/assets/SystemLogin-BtsjQVYl.css 304
[2026/01/20 16:32:07.569184] [INFO] main.go:107: localhost:8080 GET /authos/assets/LogIn-CJ1VetO7.js 304
[2026/01/20 16:32:11.476447] [INFO] main.go:107: localhost:8080 GET /authos/system-login/ 404
[2026/01/20 16:32:15.152427] [INFO] main.go:107: localhost:8080 GET /authos/system-login 404
[2026/01/20 16:32:57.267319] [INFO] main.go:107: localhost:8080 GET /authos/system-login 404
[2026/01/20 16:33:16.350230] [ERROR] auth.go:125: SystemLogin: user not found or not admin: record not found, username=ccd7dd34-b5fb-4c2c-9f61-539960c23b05
[2026/01/20 16:33:16.350230] [INFO] main.go:107: localhost:8080 POST /api/public/system-login 401
[2026/01/20 16:33:23.493203] [INFO] main.go:107: localhost:8080 POST /api/public/system-login 200
[2026/01/20 16:33:23.503811] [INFO] main.go:107: localhost:8080 GET /authos/assets/AppSelection-CQwyywjH.js 304
[2026/01/20 16:33:23.503811] [INFO] main.go:107: localhost:8080 GET /authos/assets/PersonCircle-DBzN-y56.js 304
[2026/01/20 16:33:23.503811] [INFO] main.go:107: localhost:8080 GET /authos/assets/CheckmarkCircle-CGn3kGjt.js 304
[2026/01/20 16:33:23.503811] [INFO] main.go:107: localhost:8080 GET /authos/assets/Add-BS-lDIgp.js 304
[2026/01/20 16:33:23.503811] [INFO] main.go:107: localhost:8080 GET /authos/assets/Apps-Bp_Yub-I.js 304
[2026/01/20 16:33:23.503811] [INFO] main.go:107: localhost:8080 GET /authos/assets/AppSelection-CJ15p_TA.css 304
[2026/01/20 16:33:23.526253] [INFO] main.go:107: localhost:8080 GET /api/v1/applications 200
[2026/01/20 16:33:24.814581] [INFO] main.go:107: localhost:8080 GET /authos/assets/AppLogin-BU_oDAvH.css 304
[2026/01/20 16:33:24.814581] [INFO] main.go:107: localhost:8080 GET /authos/assets/Key-Dj-6r78O.js 304
[2026/01/20 16:33:24.814581] [INFO] main.go:107: localhost:8080 GET /authos/assets/AppLogin-EJ2RxZsX.js 304
[2026/01/20 16:33:38.794471] [INFO] main.go:107: localhost:8080 GET /api/v1/applications 200
[2026/01/20 16:33:40.152598] [INFO] main.go:107: localhost:8080 GET /authos/app-selection 404
[2026/01/20 16:35:36.235226] [INFO] main.go:218: Server starting on :8080
[2026/01/20 16:35:38.140075] [INFO] main.go:107: localhost:8080 GET /authos/app-selection 200
[2026/01/20 16:35:38.166079] [INFO] main.go:107: localhost:8080 GET /authos/assets/index-cqsNC2VY.js 304
[2026/01/20 16:35:38.217926] [INFO] main.go:107: localhost:8080 GET /authos/assets/AppSelection-CQwyywjH.js 304
[2026/01/20 16:35:38.217926] [INFO] main.go:107: localhost:8080 GET /authos/assets/index-C99W1-_y.js 304
[2026/01/20 16:35:38.218428] [INFO] main.go:107: localhost:8080 GET /authos/assets/ShieldCheckmark-BM8XziVz.js 304
[2026/01/20 16:35:38.218428] [INFO] main.go:107: localhost:8080 GET /authos/assets/_plugin-vue_export-helper-DlAUqK2U.js 304
[2026/01/20 16:35:38.218428] [INFO] main.go:107: localhost:8080 GET /authos/assets/PersonCircle-DBzN-y56.js 304
[2026/01/20 16:35:38.219447] [INFO] main.go:107: localhost:8080 GET /authos/assets/AppSelection-CJ15p_TA.css 304
[2026/01/20 16:35:38.219447] [INFO] main.go:107: localhost:8080 GET /authos/assets/CheckmarkCircle-CGn3kGjt.js 304
[2026/01/20 16:35:38.219447] [INFO] main.go:107: localhost:8080 GET /authos/assets/Apps-Bp_Yub-I.js 304
[2026/01/20 16:35:38.219447] [INFO] main.go:107: localhost:8080 GET /authos/assets/LogIn-CJ1VetO7.js 304
[2026/01/20 16:35:38.219447] [INFO] main.go:107: localhost:8080 GET /authos/assets/Add-BS-lDIgp.js 304
[2026/01/20 16:35:38.276934] [INFO] main.go:107: localhost:8080 GET /api/v1/applications 200
[2026/01/20 16:35:40.991674] [INFO] main.go:107: localhost:8080 GET /authos/ 304
[2026/01/20 16:35:41.027987] [INFO] main.go:107: localhost:8080 GET /authos/assets/SystemLogin-DTWVFpqb.js 304
[2026/01/20 16:35:41.027987] [INFO] main.go:107: localhost:8080 GET /authos/assets/Person-rSDxPfvD.js 304
[2026/01/20 16:35:41.027987] [INFO] main.go:107: localhost:8080 GET /authos/assets/LockClosed-D1feIw8_.js 304
[2026/01/20 16:35:41.027987] [INFO] main.go:107: localhost:8080 GET /authos/assets/SystemLogin-BtsjQVYl.css 304
[2026/01/20 16:35:45.184292] [INFO] main.go:107: localhost:8080 GET /authos/system-login 200
[2026/01/20 16:35:45.749814] [INFO] main.go:107: localhost:8080 GET /authos/system-login 304
[2026/01/20 16:35:45.911748] [INFO] main.go:107: localhost:8080 GET /authos/system-login 304
[2026/01/20 16:35:46.071109] [INFO] main.go:107: localhost:8080 GET /authos/system-login 304
[2026/01/20 16:35:46.239047] [INFO] main.go:107: localhost:8080 GET /authos/system-login 304
[2026/01/20 16:35:48.632086] [INFO] main.go:107: localhost:8080 POST /api/public/system-login 200
[2026/01/20 16:35:48.656277] [INFO] main.go:107: localhost:8080 GET /api/v1/applications 200
[2026/01/20 16:35:50.439212] [INFO] main.go:107: localhost:8080 GET /authos/app-selection 304
[2026/01/20 16:35:50.476741] [INFO] main.go:107: localhost:8080 GET /api/v1/applications 200
[2026/01/20 16:35:50.609211] [INFO] main.go:107: localhost:8080 GET /authos/app-selection 304
[2026/01/20 16:35:50.645033] [INFO] main.go:107: localhost:8080 GET /api/v1/applications 200
[2026/01/20 16:35:50.767439] [INFO] main.go:107: localhost:8080 GET /authos/app-selection 304
[2026/01/20 16:35:50.804535] [INFO] main.go:107: localhost:8080 GET /api/v1/applications 200
[2026/01/20 16:35:50.924748] [INFO] main.go:107: localhost:8080 GET /authos/app-selection 304
[2026/01/20 16:35:50.961320] [INFO] main.go:107: localhost:8080 GET /api/v1/applications 200
[2026/01/20 17:07:39.974999] [INFO] main.go:218: Server starting on :8099
[2026/01/20 17:08:01.061395] [INFO] main.go:107: localhost:8099 GET /authos/system-login 200
[2026/01/20 17:08:01.109989] [INFO] main.go:107: localhost:8099 GET /authos/assets/index-tMotlrDs.js 200
[2026/01/20 17:08:01.140096] [INFO] main.go:107: localhost:8099 GET /authos/assets/LockClosed-BMA4Zrx2.js 200
[2026/01/20 17:08:01.140096] [INFO] main.go:107: localhost:8099 GET /authos/assets/_plugin-vue_export-helper-DlAUqK2U.js 200
[2026/01/20 17:08:01.141202] [INFO] main.go:107: localhost:8099 GET /authos/assets/LogIn-BHQ0CBbi.js 200
[2026/01/20 17:08:01.148839] [INFO] main.go:107: localhost:8099 GET /authos/assets/index-C99W1-_y.js 200
[2026/01/20 17:08:01.153621] [INFO] main.go:107: localhost:8099 GET /authos/assets/SystemLogin-BtsjQVYl.css 200
[2026/01/20 17:08:01.156669] [INFO] main.go:107: localhost:8099 GET /authos/assets/SystemLogin-DhbPGxrm.js 200
[2026/01/20 17:08:01.165672] [INFO] main.go:107: localhost:8099 GET /authos/assets/ShieldCheckmark-BhrnSU1L.js 200
[2026/01/20 17:08:01.168672] [INFO] main.go:107: localhost:8099 GET /vite.svg 404
[2026/01/20 17:08:01.171136] [INFO] main.go:107: localhost:8099 GET /authos/assets/Person-Cm2AlYoX.js 200
[2026/01/20 17:08:18.879494] [INFO] main.go:107: localhost:8099 POST /api/public/system-login 200
[2026/01/20 17:08:18.891271] [INFO] main.go:107: localhost:8099 GET /authos/assets/CheckmarkCircle-DGCaNuWw.js 200
[2026/01/20 17:08:18.891271] [INFO] main.go:107: localhost:8099 GET /authos/assets/Add-Cl4LhByK.js 200
[2026/01/20 17:08:18.894868] [INFO] main.go:107: localhost:8099 GET /authos/assets/AppSelection-CHqk9Zm4.css 200
[2026/01/20 17:08:18.903783] [INFO] main.go:107: localhost:8099 GET /authos/assets/PersonCircle-B0K8lNaB.js 200
[2026/01/20 17:08:18.903783] [INFO] main.go:107: localhost:8099 GET /authos/assets/Apps-DbAPn3Gu.js 200
[2026/01/20 17:08:18.903783] [INFO] main.go:107: localhost:8099 GET /authos/assets/AppSelection-BbUNsOjE.js 200
[2026/01/20 17:08:18.937618] [INFO] main.go:107: localhost:8099 GET /api/v1/applications 200
[2026/01/20 17:08:27.048198] [INFO] main.go:107: localhost:8099 POST /api/v1/applications 200
[2026/01/20 17:08:27.069963] [INFO] main.go:107: localhost:8099 GET /api/v1/applications 200
